This is pdfTeX, Version 3.1415926-2.5-1.40.14 (TeX Live 2013) (format=pdflatex 2014.3.31)  2 JUL 2019 16:41
entering extended mode
 restricted \write18 enabled.
 file:line:error style messages enabled.
 %&-line parsing enabled.
**Report.tex
(./Report.tex
LaTeX2e <2011/06/27>
Babel <3.9f> and hyphenation patterns for 78 languages loaded.
(/usr/local/texlive/2013/texmf-dist/tex/latex/base/article.cls
Document Class: article 2007/10/19 v1.4h Standard LaTeX document class
(/usr/local/texlive/2013/texmf-dist/tex/latex/base/size10.clo
File: size10.clo 2007/10/19 v1.4h Standard LaTeX file (size option)
)
\c@part=\count79
\c@section=\count80
\c@subsection=\count81
\c@subsubsection=\count82
\c@paragraph=\count83
\c@subparagraph=\count84
\c@figure=\count85
\c@table=\count86
\abovecaptionskip=\skip41
\belowcaptionskip=\skip42
\bibindent=\dimen102
)
(/usr/local/texlive/2013/texmf-dist/tex/latex/graphics/graphicx.sty
Package: graphicx 1999/02/16 v1.0f Enhanced LaTeX Graphics (DPC,SPQR)

(/usr/local/texlive/2013/texmf-dist/tex/latex/graphics/keyval.sty
Package: keyval 1999/03/16 v1.13 key=value parser (DPC)
\KV@toks@=\toks14
)
(/usr/local/texlive/2013/texmf-dist/tex/latex/graphics/graphics.sty
Package: graphics 2009/02/05 v1.0o Standard LaTeX Graphics (DPC,SPQR)

(/usr/local/texlive/2013/texmf-dist/tex/latex/graphics/trig.sty
Package: trig 1999/03/16 v1.09 sin cos tan (DPC)
)
(/usr/local/texlive/2013/texmf-dist/tex/latex/latexconfig/graphics.cfg
File: graphics.cfg 2010/04/23 v1.9 graphics configuration of TeX Live
)
Package graphics Info: Driver file: pdftex.def on input line 91.

(/usr/local/texlive/2013/texmf-dist/tex/latex/pdftex-def/pdftex.def
File: pdftex.def 2011/05/27 v0.06d Graphics/color for pdfTeX

(/usr/local/texlive/2013/texmf-dist/tex/generic/oberdiek/infwarerr.sty
Package: infwarerr 2010/04/08 v1.3 Providing info/warning/error messages (HO)
)
(/usr/local/texlive/2013/texmf-dist/tex/generic/oberdiek/ltxcmds.sty
Package: ltxcmds 2011/11/09 v1.22 LaTeX kernel commands for general use (HO)
)
\Gread@gobject=\count87
))
\Gin@req@height=\dimen103
\Gin@req@width=\dimen104
)
No file Report.aux.
\openout1 = `Report.aux'.

LaTeX Font Info:    Checking defaults for OML/cmm/m/it on input line 3.
LaTeX Font Info:    ... okay on input line 3.
LaTeX Font Info:    Checking defaults for T1/cmr/m/n on input line 3.
LaTeX Font Info:    ... okay on input line 3.
LaTeX Font Info:    Checking defaults for OT1/cmr/m/n on input line 3.
LaTeX Font Info:    ... okay on input line 3.
LaTeX Font Info:    Checking defaults for OMS/cmsy/m/n on input line 3.
LaTeX Font Info:    ... okay on input line 3.
LaTeX Font Info:    Checking defaults for OMX/cmex/m/n on input line 3.
LaTeX Font Info:    ... okay on input line 3.
LaTeX Font Info:    Checking defaults for U/cmr/m/n on input line 3.
LaTeX Font Info:    ... okay on input line 3.
(/usr/local/texlive/2013/texmf-dist/tex/context/base/supp-pdf.mkii
[Loading MPS to PDF converter (version 2006.09.02).]
\scratchcounter=\count88
\scratchdimen=\dimen105
\scratchbox=\box26
\nofMPsegments=\count89
\nofMParguments=\count90
\everyMPshowfont=\toks15
\MPscratchCnt=\count91
\MPscratchDim=\dimen106
\MPnumerator=\count92
\makeMPintoPDFobject=\count93
\everyMPtoPDFconversion=\toks16
) (/usr/local/texlive/2013/texmf-dist/tex/generic/oberdiek/pdftexcmds.sty
Package: pdftexcmds 2011/11/29 v0.20 Utility functions of pdfTeX for LuaTeX (HO
)

(/usr/local/texlive/2013/texmf-dist/tex/generic/oberdiek/ifluatex.sty
Package: ifluatex 2010/03/01 v1.3 Provides the ifluatex switch (HO)
Package ifluatex Info: LuaTeX not detected.
)
(/usr/local/texlive/2013/texmf-dist/tex/generic/oberdiek/ifpdf.sty
Package: ifpdf 2011/01/30 v2.3 Provides the ifpdf switch (HO)
Package ifpdf Info: pdfTeX in PDF mode is detected.
)
Package pdftexcmds Info: LuaTeX not detected.
Package pdftexcmds Info: \pdf@primitive is available.
Package pdftexcmds Info: \pdf@ifprimitive is available.
Package pdftexcmds Info: \pdfdraftmode found.
)
(/usr/local/texlive/2013/texmf-dist/tex/latex/oberdiek/epstopdf-base.sty
Package: epstopdf-base 2010/02/09 v2.5 Base part for package epstopdf

(/usr/local/texlive/2013/texmf-dist/tex/latex/oberdiek/grfext.sty
Package: grfext 2010/08/19 v1.1 Manage graphics extensions (HO)

(/usr/local/texlive/2013/texmf-dist/tex/generic/oberdiek/kvdefinekeys.sty
Package: kvdefinekeys 2011/04/07 v1.3 Define keys (HO)
))
(/usr/local/texlive/2013/texmf-dist/tex/latex/oberdiek/kvoptions.sty
Package: kvoptions 2011/06/30 v3.11 Key value format for package options (HO)

(/usr/local/texlive/2013/texmf-dist/tex/generic/oberdiek/kvsetkeys.sty
Package: kvsetkeys 2012/04/25 v1.16 Key value parser (HO)

(/usr/local/texlive/2013/texmf-dist/tex/generic/oberdiek/etexcmds.sty
Package: etexcmds 2011/02/16 v1.5 Avoid name clashes with e-TeX commands (HO)
Package etexcmds Info: Could not find \expanded.
(etexcmds)             That can mean that you are not using pdfTeX 1.50 or
(etexcmds)             that some package has redefined \expanded.
(etexcmds)             In the latter case, load this package earlier.
)))
Package grfext Info: Graphics extension search list:
(grfext)             [.png,.pdf,.jpg,.mps,.jpeg,.jbig2,.jb2,.PNG,.PDF,.JPG,.JPE
G,.JBIG2,.JB2,.eps]
(grfext)             \AppendGraphicsExtensions on input line 452.

(/usr/local/texlive/2013/texmf-dist/tex/latex/latexconfig/epstopdf-sys.cfg
File: epstopdf-sys.cfg 2010/07/13 v1.3 Configuration of (r)epstopdf for TeX Liv
e
))
LaTeX Font Info:    External font `cmex10' loaded for size
(Font)              <12> on input line 5.
LaTeX Font Info:    External font `cmex10' loaded for size
(Font)              <8> on input line 5.
LaTeX Font Info:    External font `cmex10' loaded for size
(Font)              <6> on input line 5.


LaTeX Warning: No \author given.


LaTeX Warning: File `/Users/barbaramini/Research/Dropbox/OverleafGit/Microservi
ces/SingleExperimentAnalysis/Analysis/Attack/BestConfiguration_Mirai-100-1.0-0.
25-2/WebDriverThroughput.pdf' not found on input line 9.


./Report.tex:9: Package pdftex.def Error: File `/Users/barbaramini/Research/Dro
pbox/OverleafGit/Microservices/SingleExperimentAnalysis/Analysis/Attack/BestCon
figuration_Mirai-100-1.0-0.25-2/WebDriverThroughput.pdf' not found.

See the pdftex.def package documentation for explanation.
Type  H <return>  for immediate help.
 ...                                              
                                                  
l.9 ...rai-100-1.0-0.25-2/WebDriverThroughput.pdf}
                                                  
? 
./Report.tex:9: Emergency stop.
 ...                                              
                                                  
l.9 ...rai-100-1.0-0.25-2/WebDriverThroughput.pdf}
                                                  
Using draft setting for this image.
Try typing  <return>  to proceed.
If that doesn't work, type  X <return>  to quit.

 
Here is how much of TeX's memory you used:
 1474 strings out of 493315
 21676 string characters out of 6137904
 76155 words of memory out of 5000000
 4942 multiletter control sequences out of 15000+600000
 6675 words of font info for 24 fonts, out of 8000000 for 9000
 957 hyphenation exceptions out of 8191
 37i,6n,23p,234b,195s stack positions out of 5000i,500n,10000p,200000b,80000s
./Report.tex:9:  ==> Fatal error occurred, no output PDF file produced!
 on input line 10.
(pdftex.def)             Requested size: 345.0pt x 172.49876pt.

</Users/barbaramini/Research/Dropbox/OverleafGit/Microservices/SingleExperiment
Analysis/200Users/Analysis/NoAttack/BestConfiguration_NoMirai-200-0.5-0.25-2/Th
roughput.pdf, id=2, 867.24pt x 433.62pt>
File: /Users/barbaramini/Research/Dropbox/OverleafGit/Microservices/SingleExper
imentAnalysis/200Users/Analysis/NoAttack/BestConfiguration_NoMirai-200-0.5-0.25
-2/Throughput.pdf Graphic file (type pdf)

<use /Users/barbaramini/Research/Dropbox/OverleafGit/Microservices/SingleExperi
mentAnalysis/200Users/Analysis/NoAttack/BestConfiguration_NoMirai-200-0.5-0.25-
2/Throughput.pdf>
Package pdftex.def Info: /Users/barbaramini/Research/Dropbox/OverleafGit/Micros
ervices/SingleExperimentAnalysis/200Users/Analysis/NoAttack/BestConfiguration_N
oMirai-200-0.5-0.25-2/Throughput.pdf used on input line 14.
(pdftex.def)             Requested size: 345.0pt x 172.49876pt.
 [1

{/usr/local/texlive/2013/texmf-var/fonts/map/pdftex/updmap/pdftex.map} </Users/
barbaramini/Research/Dropbox/OverleafGit/Microservices/SingleExperimentAnalysis
/200Users/Analysis/Attack/BestConfiguration_Mirai-200-1.0-0.25-2/Throughput.pdf
> </Users/barbaramini/Research/Dropbox/OverleafGit/Microservices/SingleExperime
ntAnalysis/200Users/Analysis/NoAttack/BestConfiguration_NoMirai-200-0.5-0.25-2/
Throughput.pdf>]
</Users/barbaramini/Research/Dropbox/OverleafGit/Microservices/SingleExperiment
Analysis/200Users/Analysis/Attack/BestConfiguration_Mirai-200-1.0-0.25-2/Respon
seTimesseconds.pdf, id=25, 867.24pt x 433.62pt>
File: /Users/barbaramini/Research/Dropbox/OverleafGit/Microservices/SingleExper
imentAnalysis/200Users/Analysis/Attack/BestConfiguration_Mirai-200-1.0-0.25-2/R
esponseTimesseconds.pdf Graphic file (type pdf)

<use /Users/barbaramini/Research/Dropbox/OverleafGit/Microservices/SingleExperi
mentAnalysis/200Users/Analysis/Attack/BestConfiguration_Mirai-200-1.0-0.25-2/Re
sponseTimesseconds.pdf>
Package pdftex.def Info: /Users/barbaramini/Research/Dropbox/OverleafGit/Micros
ervices/SingleExperimentAnalysis/200Users/Analysis/Attack/BestConfiguration_Mir
ai-200-1.0-0.25-2/ResponseTimesseconds.pdf used on input line 21.
(pdftex.def)             Requested size: 345.0pt x 172.49876pt.

</Users/barbaramini/Research/Dropbox/OverleafGit/Microservices/SingleExperiment
Analysis/200Users/Analysis/NoAttack/BestConfiguration_NoMirai-200-0.5-0.25-2/Re
sponseTimesseconds.pdf, id=26, 867.24pt x 433.62pt>
File: /Users/barbaramini/Research/Dropbox/OverleafGit/Microservices/SingleExper
imentAnalysis/200Users/Analysis/NoAttack/BestConfiguration_NoMirai-200-0.5-0.25
-2/ResponseTimesseconds.pdf Graphic file (type pdf)

<use /Users/barbaramini/Research/Dropbox/OverleafGit/Microservices/SingleExperi
mentAnalysis/200Users/Analysis/NoAttack/BestConfiguration_NoMirai-200-0.5-0.25-
2/ResponseTimesseconds.pdf>
Package pdftex.def Info: /Users/barbaramini/Research/Dropbox/OverleafGit/Micros
ervices/SingleExperimentAnalysis/200Users/Analysis/NoAttack/BestConfiguration_N
oMirai-200-0.5-0.25-2/ResponseTimesseconds.pdf used on input line 25.
(pdftex.def)             Requested size: 345.0pt x 172.49876pt.
 [2 </Users/barbaramini/Research/Dropbox/OverleafGit/Microservices/SingleExperi
mentAnalysis/200Users/Analysis/Attack/BestConfiguration_Mirai-200-1.0-0.25-2/Re
sponseTimesseconds.pdf> </Users/barbaramini/Research/Dropbox/OverleafGit/Micros
ervices/SingleExperimentAnalysis/200Users/Analysis/NoAttack/BestConfiguration_N
oMirai-200-0.5-0.25-2/ResponseTimesseconds.pdf>]
</Users/barbaramini/Research/Dropbox/OverleafGit/Microservices/SingleExperiment
Analysis/200Users/Analysis/Attack/WorstConfiguration_Mirai-200-1.0-0.5-4/Throug
hput.pdf, id=44, 867.24pt x 433.62pt>
File: /Users/barbaramini/Research/Dropbox/OverleafGit/Microservices/SingleExper
imentAnalysis/200Users/Analysis/Attack/WorstConfiguration_Mirai-200-1.0-0.5-4/T
hroughput.pdf Graphic file (type pdf)

<use /Users/barbaramini/Research/Dropbox/OverleafGit/Microservices/SingleExperi
mentAnalysis/200Users/Analysis/Attack/WorstConfiguration_Mirai-200-1.0-0.5-4/Th
roughput.pdf>
Package pdftex.def Info: /Users/barbaramini/Research/Dropbox/OverleafGit/Micros
ervices/SingleExperimentAnalysis/200Users/Analysis/Attack/WorstConfiguration_Mi
rai-200-1.0-0.5-4/Throughput.pdf used on input line 33.
(pdftex.def)             Requested size: 345.0pt x 172.49876pt.

</Users/barbaramini/Research/Dropbox/OverleafGit/Microservices/SingleExperiment
Analysis/200Users/Analysis/NoAttack/WorstConfiguration_NoMirai-200-1.0-0.25-1/T
hroughput.pdf, id=45, 867.24pt x 433.62pt>
File: /Users/barbaramini/Research/Dropbox/OverleafGit/Microservices/SingleExper
imentAnalysis/200Users/Analysis/NoAttack/WorstConfiguration_NoMirai-200-1.0-0.2
5-1/Throughput.pdf Graphic file (type pdf)

<use /Users/barbaramini/Research/Dropbox/OverleafGit/Microservices/SingleExperi
mentAnalysis/200Users/Analysis/NoAttack/WorstConfiguration_NoMirai-200-1.0-0.25
-1/Throughput.pdf>
Package pdftex.def Info: /Users/barbaramini/Research/Dropbox/OverleafGit/Micros
ervices/SingleExperimentAnalysis/200Users/Analysis/NoAttack/WorstConfiguration_
NoMirai-200-1.0-0.25-1/Throughput.pdf used on input line 38.
(pdftex.def)             Requested size: 345.0pt x 172.49876pt.
 [3 </Users/barbaramini/Research/Dropbox/OverleafGit/Microservices/SingleExperi
mentAnalysis/200Users/Analysis/Attack/WorstConfiguration_Mirai-200-1.0-0.5-4/Th
roughput.pdf> </Users/barbaramini/Research/Dropbox/OverleafGit/Microservices/Si
ngleExperimentAnalysis/200Users/Analysis/NoAttack/WorstConfiguration_NoMirai-20
0-1.0-0.25-1/Throughput.pdf>]
</Users/barbaramini/Research/Dropbox/OverleafGit/Microservices/SingleExperiment
Analysis/200Users/Analysis/Attack/WorstConfiguration_Mirai-200-1.0-0.5-4/Respon
seTimesseconds.pdf, id=63, 867.24pt x 433.62pt>
File: /Users/barbaramini/Research/Dropbox/OverleafGit/Microservices/SingleExper
imentAnalysis/200Users/Analysis/Attack/WorstConfiguration_Mirai-200-1.0-0.5-4/R
esponseTimesseconds.pdf Graphic file (type pdf)

<use /Users/barbaramini/Research/Dropbox/OverleafGit/Microservices/SingleExperi
mentAnalysis/200Users/Analysis/Attack/WorstConfiguration_Mirai-200-1.0-0.5-4/Re
sponseTimesseconds.pdf>
Package pdftex.def Info: /Users/barbaramini/Research/Dropbox/OverleafGit/Micros
ervices/SingleExperimentAnalysis/200Users/Analysis/Attack/WorstConfiguration_Mi
rai-200-1.0-0.5-4/ResponseTimesseconds.pdf used on input line 46.
(pdftex.def)             Requested size: 345.0pt x 172.49876pt.

</Users/barbaramini/Research/Dropbox/OverleafGit/Microservices/SingleExperiment
Analysis/200Users/Analysis/NoAttack/WorstConfiguration_NoMirai-200-1.0-0.25-1/R
esponseTimesseconds.pdf, id=64, 867.24pt x 433.62pt>
File: /Users/barbaramini/Research/Dropbox/OverleafGit/Microservices/SingleExper
imentAnalysis/200Users/Analysis/NoAttack/WorstConfiguration_NoMirai-200-1.0-0.2
5-1/ResponseTimesseconds.pdf Graphic file (type pdf)

<use /Users/barbaramini/Research/Dropbox/OverleafGit/Microservices/SingleExperi
mentAnalysis/200Users/Analysis/NoAttack/WorstConfiguration_NoMirai-200-1.0-0.25
-1/ResponseTimesseconds.pdf>
Package pdftex.def Info: /Users/barbaramini/Research/Dropbox/OverleafGit/Micros
ervices/SingleExperimentAnalysis/200Users/Analysis/NoAttack/WorstConfiguration_
NoMirai-200-1.0-0.25-1/ResponseTimesseconds.pdf used on input line 50.
(pdftex.def)             Requested size: 345.0pt x 172.49876pt.
 [4 </Users/barbaramini/Research/Dropbox/OverleafGit/Microservices/SingleExperi
mentAnalysis/200Users/Analysis/Attack/WorstConfiguration_Mirai-200-1.0-0.5-4/Re
sponseTimesseconds.pdf> </Users/barbaramini/Research/Dropbox/OverleafGit/Micros
ervices/SingleExperimentAnalysis/200Users/Analysis/NoAttack/WorstConfiguration_
NoMirai-200-1.0-0.25-1/ResponseTimesseconds.pdf>]
</Users/barbaramini/Research/Dropbox/OverleafGit/Microservices/SingleExperiment
Analysis/200Users/Analysis/Attack/BestConfiguration_Mirai-200-1.0-0.25-2/Throug
hput_reduced_.pdf, id=82, 867.24pt x 433.62pt>
File: /Users/barbaramini/Research/Dropbox/OverleafGit/Microservices/SingleExper
imentAnalysis/200Users/Analysis/Attack/BestConfiguration_Mirai-200-1.0-0.25-2/T
hroughput_reduced_.pdf Graphic file (type pdf)

<use /Users/barbaramini/Research/Dropbox/OverleafGit/Microservices/SingleExperi
mentAnalysis/200Users/Analysis/Attack/BestConfiguration_Mirai-200-1.0-0.25-2/Th
roughput_reduced_.pdf>
Package pdftex.def Info: /Users/barbaramini/Research/Dropbox/OverleafGit/Micros
ervices/SingleExperimentAnalysis/200Users/Analysis/Attack/BestConfiguration_Mir
ai-200-1.0-0.25-2/Throughput_reduced_.pdf used on input line 59.
(pdftex.def)             Requested size: 345.0pt x 172.49876pt.

</Users/barbaramini/Research/Dropbox/OverleafGit/Microservices/SingleExperiment
Analysis/200Users/Analysis/NoAttack/BestConfiguration_NoMirai-200-0.5-0.25-2/Th
roughput_reduced_.pdf, id=83, 867.24pt x 433.62pt>
File: /Users/barbaramini/Research/Dropbox/OverleafGit/Microservices/SingleExper
imentAnalysis/200Users/Analysis/NoAttack/BestConfiguration_NoMirai-200-0.5-0.25
-2/Throughput_reduced_.pdf Graphic file (type pdf)

<use /Users/barbaramini/Research/Dropbox/OverleafGit/Microservices/SingleExperi
mentAnalysis/200Users/Analysis/NoAttack/BestConfiguration_NoMirai-200-0.5-0.25-
2/Throughput_reduced_.pdf>
Package pdftex.def Info: /Users/barbaramini/Research/Dropbox/OverleafGit/Micros
ervices/SingleExperimentAnalysis/200Users/Analysis/NoAttack/BestConfiguration_N
oMirai-200-0.5-0.25-2/Throughput_reduced_.pdf used on input line 63.
(pdftex.def)             Requested size: 345.0pt x 172.49876pt.
 [5 </Users/barbaramini/Research/Dropbox/OverleafGit/Microservices/SingleExperi
mentAnalysis/200Users/Analysis/Attack/BestConfiguration_Mirai-200-1.0-0.25-2/Th
roughput_reduced_.pdf> </Users/barbaramini/Research/Dropbox/OverleafGit/Microse
rvices/SingleExperimentAnalysis/200Users/Analysis/NoAttack/BestConfiguration_No
Mirai-200-0.5-0.25-2/Throughput_reduced_.pdf>]
</Users/barbaramini/Research/Dropbox/OverleafGit/Microservices/SingleExperiment
Analysis/200Users/Analysis/Attack/BestConfiguration_Mirai-200-1.0-0.25-2/Respon
seTimesseconds_reduced_.pdf, id=101, 867.24pt x 433.62pt>
File: /Users/barbaramini/Research/Dropbox/OverleafGit/Microservices/SingleExper
imentAnalysis/200Users/Analysis/Attack/BestConfiguration_Mirai-200-1.0-0.25-2/R
esponseTimesseconds_reduced_.pdf Graphic file (type pdf)

<use /Users/barbaramini/Research/Dropbox/OverleafGit/Microservices/SingleExperi
mentAnalysis/200Users/Analysis/Attack/BestConfiguration_Mirai-200-1.0-0.25-2/Re
sponseTimesseconds_reduced_.pdf>
Package pdftex.def Info: /Users/barbaramini/Research/Dropbox/OverleafGit/Micros
ervices/SingleExperimentAnalysis/200Users/Analysis/Attack/BestConfiguration_Mir
ai-200-1.0-0.25-2/ResponseTimesseconds_reduced_.pdf used on input line 70.
(pdftex.def)             Requested size: 345.0pt x 172.49876pt.

</Users/barbaramini/Research/Dropbox/OverleafGit/Microservices/SingleExperiment
Analysis/200Users/Analysis/NoAttack/BestConfiguration_NoMirai-200-0.5-0.25-2/Re
sponseTimesseconds_reduced_.pdf, id=102, 867.24pt x 433.62pt>
File: /Users/barbaramini/Research/Dropbox/OverleafGit/Microservices/SingleExper
imentAnalysis/200Users/Analysis/NoAttack/BestConfiguration_NoMirai-200-0.5-0.25
-2/ResponseTimesseconds_reduced_.pdf Graphic file (type pdf)

<use /Users/barbaramini/Research/Dropbox/OverleafGit/Microservices/SingleExperi
mentAnalysis/200Users/Analysis/NoAttack/BestConfiguration_NoMirai-200-0.5-0.25-
2/ResponseTimesseconds_reduced_.pdf>
Package pdftex.def Info: /Users/barbaramini/Research/Dropbox/OverleafGit/Micros
ervices/SingleExperimentAnalysis/200Users/Analysis/NoAttack/BestConfiguration_N
oMirai-200-0.5-0.25-2/ResponseTimesseconds_reduced_.pdf used on input line 74.
(pdftex.def)             Requested size: 345.0pt x 172.49876pt.
 [6 </Users/barbaramini/Research/Dropbox/OverleafGit/Microservices/SingleExperi
mentAnalysis/200Users/Analysis/Attack/BestConfiguration_Mirai-200-1.0-0.25-2/Re
sponseTimesseconds_reduced_.pdf> </Users/barbaramini/Research/Dropbox/OverleafG
it/Microservices/SingleExperimentAnalysis/200Users/Analysis/NoAttack/BestConfig
uration_NoMirai-200-0.5-0.25-2/ResponseTimesseconds_reduced_.pdf>]
</Users/barbaramini/Research/Dropbox/OverleafGit/Microservices/SingleExperiment
Analysis/200Users/Analysis/Attack/WorstConfiguration_Mirai-200-1.0-0.5-4/Throug
hput_reduced_.pdf, id=120, 867.24pt x 433.62pt>
File: /Users/barbaramini/Research/Dropbox/OverleafGit/Microservices/SingleExper
imentAnalysis/200Users/Analysis/Attack/WorstConfiguration_Mirai-200-1.0-0.5-4/T
hroughput_reduced_.pdf Graphic file (type pdf)

<use /Users/barbaramini/Research/Dropbox/OverleafGit/Microservices/SingleExperi
mentAnalysis/200Users/Analysis/Attack/WorstConfiguration_Mirai-200-1.0-0.5-4/Th
roughput_reduced_.pdf>
Package pdftex.def Info: /Users/barbaramini/Research/Dropbox/OverleafGit/Micros
ervices/SingleExperimentAnalysis/200Users/Analysis/Attack/WorstConfiguration_Mi
rai-200-1.0-0.5-4/Throughput_reduced_.pdf used on input line 82.
(pdftex.def)             Requested size: 345.0pt x 172.49876pt.

</Users/barbaramini/Research/Dropbox/OverleafGit/Microservices/SingleExperiment
Analysis/200Users/Analysis/NoAttack/WorstConfiguration_NoMirai-200-1.0-0.25-1/T
hroughput_reduced_.pdf, id=121, 867.24pt x 433.62pt>
File: /Users/barbaramini/Research/Dropbox/OverleafGit/Microservices/SingleExper
imentAnalysis/200Users/Analysis/NoAttack/WorstConfiguration_NoMirai-200-1.0-0.2
5-1/Throughput_reduced_.pdf Graphic file (type pdf)

<use /Users/barbaramini/Research/Dropbox/OverleafGit/Microservices/SingleExperi
mentAnalysis/200Users/Analysis/NoAttack/WorstConfiguration_NoMirai-200-1.0-0.25
-1/Throughput_reduced_.pdf>
Package pdftex.def Info: /Users/barbaramini/Research/Dropbox/OverleafGit/Micros
ervices/SingleExperimentAnalysis/200Users/Analysis/NoAttack/WorstConfiguration_
NoMirai-200-1.0-0.25-1/Throughput_reduced_.pdf used on input line 87.
(pdftex.def)             Requested size: 345.0pt x 172.49876pt.
 [7 </Users/barbaramini/Research/Dropbox/OverleafGit/Microservices/SingleExperi
mentAnalysis/200Users/Analysis/Attack/WorstConfiguration_Mirai-200-1.0-0.5-4/Th
roughput_reduced_.pdf> </Users/barbaramini/Research/Dropbox/OverleafGit/Microse
rvices/SingleExperimentAnalysis/200Users/Analysis/NoAttack/WorstConfiguration_N
oMirai-200-1.0-0.25-1/Throughput_reduced_.pdf>]
</Users/barbaramini/Research/Dropbox/OverleafGit/Microservices/SingleExperiment
Analysis/200Users/Analysis/Attack/WorstConfiguration_Mirai-200-1.0-0.5-4/Respon
seTimesseconds_reduced_.pdf, id=140, 867.24pt x 433.62pt>
File: /Users/barbaramini/Research/Dropbox/OverleafGit/Microservices/SingleExper
imentAnalysis/200Users/Analysis/Attack/WorstConfiguration_Mirai-200-1.0-0.5-4/R
esponseTimesseconds_reduced_.pdf Graphic file (type pdf)

<use /Users/barbaramini/Research/Dropbox/OverleafGit/Microservices/SingleExperi
mentAnalysis/200Users/Analysis/Attack/WorstConfiguration_Mirai-200-1.0-0.5-4/Re
sponseTimesseconds_reduced_.pdf>
Package pdftex.def Info: /Users/barbaramini/Research/Dropbox/OverleafGit/Micros
ervices/SingleExperimentAnalysis/200Users/Analysis/Attack/WorstConfiguration_Mi
rai-200-1.0-0.5-4/ResponseTimesseconds_reduced_.pdf used on input line 95.
(pdftex.def)             Requested size: 345.0pt x 172.49876pt.

</Users/barbaramini/Research/Dropbox/OverleafGit/Microservices/SingleExperiment
Analysis/200Users/Analysis/NoAttack/WorstConfiguration_NoMirai-200-1.0-0.25-1/R
esponseTimesseconds_reduced_.pdf, id=141, 867.24pt x 433.62pt>
File: /Users/barbaramini/Research/Dropbox/OverleafGit/Microservices/SingleExper
imentAnalysis/200Users/Analysis/NoAttack/WorstConfiguration_NoMirai-200-1.0-0.2
5-1/ResponseTimesseconds_reduced_.pdf Graphic file (type pdf)

<use /Users/barbaramini/Research/Dropbox/OverleafGit/Microservices/SingleExperi
mentAnalysis/200Users/Analysis/NoAttack/WorstConfiguration_NoMirai-200-1.0-0.25
-1/ResponseTimesseconds_reduced_.pdf>
Package pdftex.def Info: /Users/barbaramini/Research/Dropbox/OverleafGit/Micros
ervices/SingleExperimentAnalysis/200Users/Analysis/NoAttack/WorstConfiguration_
NoMirai-200-1.0-0.25-1/ResponseTimesseconds_reduced_.pdf used on input line 99.

(pdftex.def)             Requested size: 345.0pt x 172.49876pt.
 [8 </Users/barbaramini/Research/Dropbox/OverleafGit/Microservices/SingleExperi
mentAnalysis/200Users/Analysis/Attack/WorstConfiguration_Mirai-200-1.0-0.5-4/Re
sponseTimesseconds_reduced_.pdf> </Users/barbaramini/Research/Dropbox/OverleafG
it/Microservices/SingleExperimentAnalysis/200Users/Analysis/NoAttack/WorstConfi
guration_NoMirai-200-1.0-0.25-1/ResponseTimesseconds_reduced_.pdf>]
</Users/barbaramini/Research/Dropbox/OverleafGit/Microservices/SingleExperiment
Analysis/200Users/Analysis/Attack/BestConfiguration_Mirai-200-1.0-0.25-2/Table.
pdf, id=160, 387.4475pt x 450.68375pt>
File: /Users/barbaramini/Research/Dropbox/OverleafGit/Microservices/SingleExper
imentAnalysis/200Users/Analysis/Attack/BestConfiguration_Mirai-200-1.0-0.25-2/T
able.pdf Graphic file (type pdf)

<use /Users/barbaramini/Research/Dropbox/OverleafGit/Microservices/SingleExperi
mentAnalysis/200Users/Analysis/Attack/BestConfiguration_Mirai-200-1.0-0.25-2/Ta
ble.pdf>
Package pdftex.def Info: /Users/barbaramini/Research/Dropbox/OverleafGit/Micros
ervices/SingleExperimentAnalysis/200Users/Analysis/Attack/BestConfiguration_Mir
ai-200-1.0-0.25-2/Table.pdf used on input line 107.
(pdftex.def)             Requested size: 172.5pt x 385.3386pt.
LaTeX Font Info:    External font `cmex10' loaded for size
(Font)              <7> on input line 109.
LaTeX Font Info:    External font `cmex10' loaded for size
(Font)              <5> on input line 109.

</Users/barbaramini/Research/Dropbox/OverleafGit/Microservices/SingleExperiment
Analysis/200Users/Analysis/NoAttack/BestConfiguration_NoMirai-200-0.5-0.25-2/Ta
ble.pdf, id=162, 387.4475pt x 450.68375pt>
File: /Users/barbaramini/Research/Dropbox/OverleafGit/Microservices/SingleExper
imentAnalysis/200Users/Analysis/NoAttack/BestConfiguration_NoMirai-200-0.5-0.25
-2/Table.pdf Graphic file (type pdf)

<use /Users/barbaramini/Research/Dropbox/OverleafGit/Microservices/SingleExperi
mentAnalysis/200Users/Analysis/NoAttack/BestConfiguration_NoMirai-200-0.5-0.25-
2/Table.pdf>
Package pdftex.def Info: /Users/barbaramini/Research/Dropbox/OverleafGit/Micros
ervices/SingleExperimentAnalysis/200Users/Analysis/NoAttack/BestConfiguration_N
oMirai-200-0.5-0.25-2/Table.pdf used on input line 111.
(pdftex.def)             Requested size: 172.5pt x 385.3386pt.

Overfull \hbox (2.22221pt too wide) in paragraph at lines 106--114
[]$[]$ $[]$ 
 []

[9 </Users/barbaramini/Research/Dropbox/OverleafGit/Microservices/SingleExperim
entAnalysis/200Users/Analysis/Attack/BestConfiguration_Mirai-200-1.0-0.25-2/Tab
le.pdf> </Users/barbaramini/Research/Dropbox/OverleafGit/Microservices/SingleEx
perimentAnalysis/200Users/Analysis/NoAttack/BestConfiguration_NoMirai-200-0.5-0
.25-2/Table.pdf>]
</Users/barbaramini/Research/Dropbox/OverleafGit/Microservices/SingleExperiment
Analysis/200Users/Analysis/Attack/WorstConfiguration_Mirai-200-1.0-0.5-4/Table.
pdf, id=184, 387.4475pt x 450.68375pt>
File: /Users/barbaramini/Research/Dropbox/OverleafGit/Microservices/SingleExper
imentAnalysis/200Users/Analysis/Attack/WorstConfiguration_Mirai-200-1.0-0.5-4/T
able.pdf Graphic file (type pdf)

<use /Users/barbaramini/Research/Dropbox/OverleafGit/Microservices/SingleExperi
mentAnalysis/200Users/Analysis/Attack/WorstConfiguration_Mirai-200-1.0-0.5-4/Ta
ble.pdf>
Package pdftex.def Info: /Users/barbaramini/Research/Dropbox/OverleafGit/Micros
ervices/SingleExperimentAnalysis/200Users/Analysis/Attack/WorstConfiguration_Mi
rai-200-1.0-0.5-4/Table.pdf used on input line 120.
(pdftex.def)             Requested size: 172.5pt x 385.3386pt.

</Users/barbaramini/Research/Dropbox/OverleafGit/Microservices/SingleExperiment
Analysis/200Users/Analysis/NoAttack/WorstConfiguration_NoMirai-200-1.0-0.25-1/T
able.pdf, id=186, 387.4475pt x 450.68375pt>
File: /Users/barbaramini/Research/Dropbox/OverleafGit/Microservices/SingleExper
imentAnalysis/200Users/Analysis/NoAttack/WorstConfiguration_NoMirai-200-1.0-0.2
5-1/Table.pdf Graphic file (type pdf)

<use /Users/barbaramini/Research/Dropbox/OverleafGit/Microservices/SingleExperi
mentAnalysis/200Users/Analysis/NoAttack/WorstConfiguration_NoMirai-200-1.0-0.25
-1/Table.pdf>
Package pdftex.def Info: /Users/barbaramini/Research/Dropbox/OverleafGit/Micros
ervices/SingleExperimentAnalysis/200Users/Analysis/NoAttack/WorstConfiguration_
NoMirai-200-1.0-0.25-1/Table.pdf used on input line 124.
(pdftex.def)             Requested size: 172.5pt x 385.3386pt.

Overfull \hbox (2.22221pt too wide) in paragraph at lines 119--127
[]$[]$ $[]$ 
 []

[10 </Users/barbaramini/Research/Dropbox/OverleafGit/Microservices/SingleExperi
mentAnalysis/200Users/Analysis/Attack/WorstConfiguration_Mirai-200-1.0-0.5-4/Ta
ble.pdf> </Users/barbaramini/Research/Dropbox/OverleafGit/Microservices/SingleE
xperimentAnalysis/200Users/Analysis/NoAttack/WorstConfiguration_NoMirai-200-1.0
-0.25-1/Table.pdf>]
</Users/barbaramini/Research/Dropbox/OverleafGit/Microservices/SingleExperiment
Analysis/200Users/Analysis/Attack/BestConfiguration_Mirai-200-1.0-0.25-2/TableR
educed.pdf, id=207, 387.4475pt x 450.68375pt>
File: /Users/barbaramini/Research/Dropbox/OverleafGit/Microservices/SingleExper
imentAnalysis/200Users/Analysis/Attack/BestConfiguration_Mirai-200-1.0-0.25-2/T
ableReduced.pdf Graphic file (type pdf)

<use /Users/barbaramini/Research/Dropbox/OverleafGit/Microservices/SingleExperi
mentAnalysis/200Users/Analysis/Attack/BestConfiguration_Mirai-200-1.0-0.25-2/Ta
bleReduced.pdf>
Package pdftex.def Info: /Users/barbaramini/Research/Dropbox/OverleafGit/Micros
ervices/SingleExperimentAnalysis/200Users/Analysis/Attack/BestConfiguration_Mir
ai-200-1.0-0.25-2/TableReduced.pdf used on input line 134.
(pdftex.def)             Requested size: 172.5pt x 385.3386pt.

</Users/barbaramini/Research/Dropbox/OverleafGit/Microservices/SingleExperiment
Analysis/200Users/Analysis/NoAttack/BestConfiguration_NoMirai-200-0.5-0.25-2/Ta
bleReduced.pdf, id=209, 387.4475pt x 450.68375pt>
File: /Users/barbaramini/Research/Dropbox/OverleafGit/Microservices/SingleExper
imentAnalysis/200Users/Analysis/NoAttack/BestConfiguration_NoMirai-200-0.5-0.25
-2/TableReduced.pdf Graphic file (type pdf)

<use /Users/barbaramini/Research/Dropbox/OverleafGit/Microservices/SingleExperi
mentAnalysis/200Users/Analysis/NoAttack/BestConfiguration_NoMirai-200-0.5-0.25-
2/TableReduced.pdf>
Package pdftex.def Info: /Users/barbaramini/Research/Dropbox/OverleafGit/Micros
ervices/SingleExperimentAnalysis/200Users/Analysis/NoAttack/BestConfiguration_N
oMirai-200-0.5-0.25-2/TableReduced.pdf used on input line 138.
(pdftex.def)             Requested size: 172.5pt x 385.3386pt.

Overfull \hbox (2.22221pt too wide) in paragraph at lines 133--141
[]$[]$ $[]$ 
 []

[11 </Users/barbaramini/Research/Dropbox/OverleafGit/Microservices/SingleExperi
mentAnalysis/200Users/Analysis/Attack/BestConfiguration_Mirai-200-1.0-0.25-2/Ta
bleReduced.pdf> </Users/barbaramini/Research/Dropbox/OverleafGit/Microservices/
SingleExperimentAnalysis/200Users/Analysis/NoAttack/BestConfiguration_NoMirai-2
00-0.5-0.25-2/TableReduced.pdf>]
</Users/barbaramini/Research/Dropbox/OverleafGit/Microservices/SingleExperiment
Analysis/200Users/Analysis/Attack/WorstConfiguration_Mirai-200-1.0-0.5-4/TableR
educed.pdf, id=230, 387.4475pt x 450.68375pt>
File: /Users/barbaramini/Research/Dropbox/OverleafGit/Microservices/SingleExper
imentAnalysis/200Users/Analysis/Attack/WorstConfiguration_Mirai-200-1.0-0.5-4/T
ableReduced.pdf Graphic file (type pdf)

<use /Users/barbaramini/Research/Dropbox/OverleafGit/Microservices/SingleExperi
mentAnalysis/200Users/Analysis/Attack/WorstConfiguration_Mirai-200-1.0-0.5-4/Ta
bleReduced.pdf>
Package pdftex.def Info: /Users/barbaramini/Research/Dropbox/OverleafGit/Micros
ervices/SingleExperimentAnalysis/200Users/Analysis/Attack/WorstConfiguration_Mi
rai-200-1.0-0.5-4/TableReduced.pdf used on input line 146.
(pdftex.def)             Requested size: 172.5pt x 385.3386pt.

</Users/barbaramini/Research/Dropbox/OverleafGit/Microservices/SingleExperiment
Analysis/200Users/Analysis/NoAttack/WorstConfiguration_NoMirai-200-1.0-0.25-1/T
ableReduced.pdf, id=232, 387.4475pt x 450.68375pt>
File: /Users/barbaramini/Research/Dropbox/OverleafGit/Microservices/SingleExper
imentAnalysis/200Users/Analysis/NoAttack/WorstConfiguration_NoMirai-200-1.0-0.2
5-1/TableReduced.pdf Graphic file (type pdf)

<use /Users/barbaramini/Research/Dropbox/OverleafGit/Microservices/SingleExperi
mentAnalysis/200Users/Analysis/NoAttack/WorstConfiguration_NoMirai-200-1.0-0.25
-1/TableReduced.pdf>
Package pdftex.def Info: /Users/barbaramini/Research/Dropbox/OverleafGit/Micros
ervices/SingleExperimentAnalysis/200Users/Analysis/NoAttack/WorstConfiguration_
NoMirai-200-1.0-0.25-1/TableReduced.pdf used on input line 150.
(pdftex.def)             Requested size: 172.5pt x 385.3386pt.

Overfull \hbox (2.22221pt too wide) in paragraph at lines 145--153
[]$[]$ $[]$ 
 []

[12 </Users/barbaramini/Research/Dropbox/OverleafGit/Microservices/SingleExperi
mentAnalysis/200Users/Analysis/Attack/WorstConfiguration_Mirai-200-1.0-0.5-4/Ta
bleReduced.pdf> </Users/barbaramini/Research/Dropbox/OverleafGit/Microservices/
SingleExperimentAnalysis/200Users/Analysis/NoAttack/WorstConfiguration_NoMirai-
200-1.0-0.25-1/TableReduced.pdf>] (./Report.aux) ) 
Here is how much of TeX's memory you used:
 2690 strings out of 493315
 59083 string characters out of 6137904
 97657 words of memory out of 5000000
 6135 multiletter control sequences out of 15000+600000
 6974 words of font info for 25 fonts, out of 8000000 for 9000
 957 hyphenation exceptions out of 8191
 42i,7n,40p,436b,420s stack positions out of 5000i,500n,10000p,200000b,80000s
</usr/local/texlive/2013/texm
f-dist/fonts/type1/public/amsfonts/cm/cmr10.pfb></usr/local/texlive/2013/texmf-
dist/fonts/type1/public/amsfonts/cm/cmr12.pfb></usr/local/texlive/2013/texmf-di
st/fonts/type1/public/amsfonts/cm/cmr17.pfb></usr/local/texlive/2013/texmf-dist
/fonts/type1/public/amsfonts/cm/cmr9.pfb>
Output written on Report.pdf (12 pages, 614509 bytes).
PDF statistics:
 268 PDF objects out of 1000 (max. 8388607)
 192 compressed objects within 2 object streams
 0 named destinations out of 1000 (max. 500000)
 169 words of extra memory for PDF output out of 10000 (max. 10000000)

